<?xml version="1.0" encoding="UTF-8"?>
<!-- Generated by org.testng.reporters.JUnitReportReporter -->
<testsuite skipped="0" hostname="ToothLess" name="com.demo.test.Demo" tests="1" failures="0" timestamp="16 Mar 2019 06:28:24 GMT" time="15.111" errors="0">
  <testcase name="login" time="15.111" classname="com.demo.test.Demo"/>
</testsuite> <!-- com.demo.test.Demo -->
