<?xml version="1.0" encoding="UTF-8"?>
<!-- Generated by org.testng.reporters.JUnitReportReporter -->
<testsuite skipped="0" hostname="DESKTOP-B0OT9VN" name="com.demo.tests.Demo" tests="1" failures="0" timestamp="24 Feb 2019 06:44:23 GMT" time="0.026" errors="0">
  <testcase name="f" time="0.026" classname="com.demo.tests.Demo"/>
</testsuite> <!-- com.demo.tests.Demo -->
